{"C:\\Users\\muban\\OneDrive\\Bureau\\jest\\jest-api\\class\\Upload.js": {"path":"C:\\Users\\muban\\OneDrive\\Bureau\\jest\\jest-api\\class\\Upload.js","statementMap":{"0":{"start":{"line":1,"column":13},"end":{"line":1,"column":28}},"1":{"start":{"line":2,"column":11},"end":{"line":2,"column":24}},"2":{"start":{"line":3,"column":14},"end":{"line":3,"column":30}},"3":{"start":{"line":4,"column":25},"end":{"line":4,"column":60}},"4":{"start":{"line":8,"column":10},"end":{"line":8,"column":96}},"5":{"start":{"line":12,"column":10},"end":{"line":40,"column":11}},"6":{"start":{"line":13,"column":31},"end":{"line":13,"column":104}},"7":{"start":{"line":14,"column":39},"end":{"line":14,"column":59}},"8":{"start":{"line":15,"column":37},"end":{"line":15,"column":103}},"9":{"start":{"line":16,"column":33},"end":{"line":16,"column":104}},"10":{"start":{"line":17,"column":41},"end":{"line":17,"column":111}},"11":{"start":{"line":18,"column":32},"end":{"line":18,"column":76}},"12":{"start":{"line":19,"column":33},"end":{"line":19,"column":73}},"13":{"start":{"line":20,"column":15},"end":{"line":22,"column":16}},"14":{"start":{"line":21,"column":20},"end":{"line":21,"column":72}},"15":{"start":{"line":23,"column":31},"end":{"line":23,"column":67}},"16":{"start":{"line":24,"column":31},"end":{"line":24,"column":40}},"17":{"start":{"line":25,"column":15},"end":{"line":27,"column":16}},"18":{"start":{"line":26,"column":20},"end":{"line":26,"column":124}},"19":{"start":{"line":28,"column":30},"end":{"line":28,"column":32}},"20":{"start":{"line":29,"column":15},"end":{"line":33,"column":16}},"21":{"start":{"line":30,"column":20},"end":{"line":30,"column":145}},"22":{"start":{"line":32,"column":20},"end":{"line":32,"column":68}},"23":{"start":{"line":34,"column":15},"end":{"line":37,"column":16}},"24":{"start":{"line":39,"column":15},"end":{"line":39,"column":26}},"25":{"start":{"line":44,"column":0},"end":{"line":44,"column":23}}},"fnMap":{"0":{"name":"(anonymous_0)","decl":{"start":{"line":7,"column":5},"end":{"line":7,"column":6}},"loc":{"start":{"line":7,"column":19},"end":{"line":9,"column":6}},"line":7},"1":{"name":"(anonymous_1)","decl":{"start":{"line":11,"column":5},"end":{"line":11,"column":6}},"loc":{"start":{"line":11,"column":85},"end":{"line":41,"column":6}},"line":11}},"branchMap":{"0":{"loc":{"start":{"line":11,"column":24},"end":{"line":11,"column":40}},"type":"default-arg","locations":[{"start":{"line":11,"column":36},"end":{"line":11,"column":40}}],"line":11},"1":{"loc":{"start":{"line":11,"column":59},"end":{"line":11,"column":83}},"type":"default-arg","locations":[{"start":{"line":11,"column":79},"end":{"line":11,"column":83}}],"line":11},"2":{"loc":{"start":{"line":13,"column":31},"end":{"line":13,"column":104}},"type":"cond-expr","locations":[{"start":{"line":13,"column":49},"end":{"line":13,"column":78}},{"start":{"line":13,"column":81},"end":{"line":13,"column":104}}],"line":13},"3":{"loc":{"start":{"line":15,"column":37},"end":{"line":15,"column":103}},"type":"cond-expr","locations":[{"start":{"line":15,"column":55},"end":{"line":15,"column":85}},{"start":{"line":15,"column":88},"end":{"line":15,"column":103}}],"line":15},"4":{"loc":{"start":{"line":17,"column":41},"end":{"line":17,"column":111}},"type":"cond-expr","locations":[{"start":{"line":17,"column":59},"end":{"line":17,"column":88}},{"start":{"line":17,"column":91},"end":{"line":17,"column":111}}],"line":17},"5":{"loc":{"start":{"line":20,"column":15},"end":{"line":22,"column":16}},"type":"if","locations":[{"start":{"line":20,"column":15},"end":{"line":22,"column":16}},{"start":{},"end":{}}],"line":20},"6":{"loc":{"start":{"line":25,"column":15},"end":{"line":27,"column":16}},"type":"if","locations":[{"start":{"line":25,"column":15},"end":{"line":27,"column":16}},{"start":{},"end":{}}],"line":25},"7":{"loc":{"start":{"line":25,"column":19},"end":{"line":25,"column":39}},"type":"binary-expr","locations":[{"start":{"line":25,"column":19},"end":{"line":25,"column":28}},{"start":{"line":25,"column":32},"end":{"line":25,"column":39}}],"line":25},"8":{"loc":{"start":{"line":29,"column":15},"end":{"line":33,"column":16}},"type":"if","locations":[{"start":{"line":29,"column":15},"end":{"line":33,"column":16}},{"start":{"line":31,"column":22},"end":{"line":33,"column":16}}],"line":29},"9":{"loc":{"start":{"line":29,"column":19},"end":{"line":29,"column":47}},"type":"binary-expr","locations":[{"start":{"line":29,"column":19},"end":{"line":29,"column":26}},{"start":{"line":29,"column":30},"end":{"line":29,"column":47}}],"line":29},"10":{"loc":{"start":{"line":36,"column":31},"end":{"line":36,"column":82}},"type":"cond-expr","locations":[{"start":{"line":36,"column":43},"end":{"line":36,"column":70}},{"start":{"line":36,"column":73},"end":{"line":36,"column":82}}],"line":36}},"s":{"0":1,"1":1,"2":1,"3":1,"4":0,"5":0,"6":0,"7":0,"8":0,"9":0,"10":0,"11":0,"12":0,"13":0,"14":0,"15":0,"16":0,"17":0,"18":0,"19":0,"20":0,"21":0,"22":0,"23":0,"24":0,"25":1},"f":{"0":0,"1":0},"b":{"0":[0],"1":[0],"2":[0,0],"3":[0,0],"4":[0,0],"5":[0,0],"6":[0,0],"7":[0,0],"8":[0,0],"9":[0,0],"10":[0,0]},"_coverageSchema":"1a1c01bbd47fc00a2c39e90264f33305004495a9","hash":"6be0e943fdd93ff0b266c5f2eb32ea55e458db9a"}
,"C:\\Users\\muban\\OneDrive\\Bureau\\jest\\jest-api\\class\\Validation.js": {"path":"C:\\Users\\muban\\OneDrive\\Bureau\\jest\\jest-api\\class\\Validation.js","statementMap":{"0":{"start":{"line":1,"column":18},"end":{"line":1,"column":40}},"1":{"start":{"line":2,"column":15},"end":{"line":2,"column":32}},"2":{"start":{"line":6,"column":10},"end":{"line":6,"column":27}},"3":{"start":{"line":7,"column":10},"end":{"line":7,"column":39}},"4":{"start":{"line":8,"column":10},"end":{"line":8,"column":47}},"5":{"start":{"line":9,"column":10},"end":{"line":9,"column":27}},"6":{"start":{"line":17,"column":23},"end":{"line":17,"column":45}},"7":{"start":{"line":18,"column":8},"end":{"line":21,"column":10}},"8":{"start":{"line":31,"column":23},"end":{"line":33,"column":24}},"9":{"start":{"line":34,"column":8},"end":{"line":34,"column":56}},"10":{"start":{"line":42,"column":8},"end":{"line":42,"column":25}},"11":{"start":{"line":43,"column":8},"end":{"line":43,"column":32}},"12":{"start":{"line":51,"column":8},"end":{"line":72,"column":9}},"13":{"start":{"line":52,"column":13},"end":{"line":52,"column":86}},"14":{"start":{"line":52,"column":74},"end":{"line":52,"column":86}},"15":{"start":{"line":53,"column":27},"end":{"line":53,"column":121}},"16":{"start":{"line":54,"column":29},"end":{"line":54,"column":34}},"17":{"start":{"line":55,"column":13},"end":{"line":65,"column":14}},"18":{"start":{"line":56,"column":18},"end":{"line":58,"column":19}},"19":{"start":{"line":57,"column":23},"end":{"line":57,"column":39}},"20":{"start":{"line":59,"column":20},"end":{"line":65,"column":14}},"21":{"start":{"line":60,"column":18},"end":{"line":62,"column":19}},"22":{"start":{"line":61,"column":23},"end":{"line":61,"column":39}},"23":{"start":{"line":63,"column":20},"end":{"line":65,"column":14}},"24":{"start":{"line":64,"column":18},"end":{"line":64,"column":34}},"25":{"start":{"line":66,"column":13},"end":{"line":68,"column":14}},"26":{"start":{"line":67,"column":18},"end":{"line":67,"column":102}},"27":{"start":{"line":71,"column":13},"end":{"line":71,"column":24}},"28":{"start":{"line":76,"column":8},"end":{"line":76,"column":27}},"29":{"start":{"line":76,"column":20},"end":{"line":76,"column":27}},"30":{"start":{"line":77,"column":27},"end":{"line":77,"column":33}},"31":{"start":{"line":78,"column":8},"end":{"line":95,"column":9}},"32":{"start":{"line":79,"column":13},"end":{"line":82,"column":15}},"33":{"start":{"line":83,"column":15},"end":{"line":95,"column":9}},"34":{"start":{"line":84,"column":13},"end":{"line":88,"column":15}},"35":{"start":{"line":89,"column":15},"end":{"line":95,"column":9}},"36":{"start":{"line":90,"column":13},"end":{"line":94,"column":15}},"37":{"start":{"line":98,"column":8},"end":{"line":98,"column":27}},"38":{"start":{"line":98,"column":20},"end":{"line":98,"column":27}},"39":{"start":{"line":99,"column":8},"end":{"line":105,"column":9}},"40":{"start":{"line":100,"column":13},"end":{"line":104,"column":15}},"41":{"start":{"line":108,"column":8},"end":{"line":108,"column":27}},"42":{"start":{"line":108,"column":20},"end":{"line":108,"column":27}},"43":{"start":{"line":109,"column":30},"end":{"line":109,"column":60}},"44":{"start":{"line":110,"column":8},"end":{"line":116,"column":9}},"45":{"start":{"line":111,"column":13},"end":{"line":115,"column":15}},"46":{"start":{"line":119,"column":8},"end":{"line":119,"column":27}},"47":{"start":{"line":119,"column":20},"end":{"line":119,"column":27}},"48":{"start":{"line":120,"column":27},"end":{"line":120,"column":67}},"49":{"start":{"line":121,"column":8},"end":{"line":126,"column":9}},"50":{"start":{"line":122,"column":13},"end":{"line":125,"column":15}},"51":{"start":{"line":130,"column":8},"end":{"line":130,"column":27}},"52":{"start":{"line":130,"column":20},"end":{"line":130,"column":27}},"53":{"start":{"line":131,"column":29},"end":{"line":131,"column":82}},"54":{"start":{"line":132,"column":8},"end":{"line":144,"column":9}},"55":{"start":{"line":133,"column":13},"end":{"line":136,"column":15}},"56":{"start":{"line":137,"column":15},"end":{"line":144,"column":9}},"57":{"start":{"line":138,"column":30},"end":{"line":138,"column":58}},"58":{"start":{"line":139,"column":13},"end":{"line":143,"column":15}},"59":{"start":{"line":148,"column":8},"end":{"line":148,"column":47}},"60":{"start":{"line":148,"column":40},"end":{"line":148,"column":47}},"61":{"start":{"line":149,"column":28},"end":{"line":149,"column":34}},"62":{"start":{"line":150,"column":8},"end":{"line":155,"column":9}},"63":{"start":{"line":151,"column":13},"end":{"line":154,"column":14}},"64":{"start":{"line":159,"column":8},"end":{"line":159,"column":43}},"65":{"start":{"line":159,"column":36},"end":{"line":159,"column":43}},"66":{"start":{"line":160,"column":8},"end":{"line":166,"column":9}},"67":{"start":{"line":161,"column":30},"end":{"line":161,"column":58}},"68":{"start":{"line":162,"column":13},"end":{"line":165,"column":15}},"69":{"start":{"line":169,"column":8},"end":{"line":182,"column":9}},"70":{"start":{"line":170,"column":13},"end":{"line":170,"column":31}},"71":{"start":{"line":170,"column":25},"end":{"line":170,"column":31}},"72":{"start":{"line":171,"column":45},"end":{"line":171,"column":62}},"73":{"start":{"line":172,"column":25},"end":{"line":172,"column":116}},"74":{"start":{"line":173,"column":13},"end":{"line":179,"column":14}},"75":{"start":{"line":174,"column":18},"end":{"line":178,"column":20}},"76":{"start":{"line":181,"column":13},"end":{"line":181,"column":24}},"77":{"start":{"line":185,"column":8},"end":{"line":198,"column":9}},"78":{"start":{"line":186,"column":13},"end":{"line":186,"column":32}},"79":{"start":{"line":186,"column":25},"end":{"line":186,"column":32}},"80":{"start":{"line":187,"column":45},"end":{"line":187,"column":62}},"81":{"start":{"line":188,"column":25},"end":{"line":188,"column":116}},"82":{"start":{"line":189,"column":13},"end":{"line":195,"column":14}},"83":{"start":{"line":190,"column":18},"end":{"line":194,"column":20}},"84":{"start":{"line":197,"column":13},"end":{"line":197,"column":24}},"85":{"start":{"line":201,"column":8},"end":{"line":201,"column":26}},"86":{"start":{"line":201,"column":20},"end":{"line":201,"column":26}},"87":{"start":{"line":202,"column":24},"end":{"line":202,"column":83}},"88":{"start":{"line":203,"column":23},"end":{"line":203,"column":42}},"89":{"start":{"line":204,"column":8},"end":{"line":206,"column":9}},"90":{"start":{"line":205,"column":13},"end":{"line":205,"column":125}},"91":{"start":{"line":209,"column":8},"end":{"line":209,"column":26}},"92":{"start":{"line":209,"column":20},"end":{"line":209,"column":26}},"93":{"start":{"line":210,"column":20},"end":{"line":210,"column":39}},"94":{"start":{"line":211,"column":8},"end":{"line":213,"column":9}},"95":{"start":{"line":212,"column":13},"end":{"line":212,"column":106}},"96":{"start":{"line":216,"column":8},"end":{"line":216,"column":26}},"97":{"start":{"line":216,"column":20},"end":{"line":216,"column":26}},"98":{"start":{"line":217,"column":23},"end":{"line":217,"column":29}},"99":{"start":{"line":218,"column":21},"end":{"line":218,"column":52}},"100":{"start":{"line":219,"column":8},"end":{"line":221,"column":9}},"101":{"start":{"line":220,"column":13},"end":{"line":220,"column":113}},"102":{"start":{"line":228,"column":8},"end":{"line":238,"column":9}},"103":{"start":{"line":229,"column":27},"end":{"line":229,"column":45}},"104":{"start":{"line":230,"column":42},"end":{"line":230,"column":82}},"105":{"start":{"line":231,"column":13},"end":{"line":237,"column":14}},"106":{"start":{"line":232,"column":18},"end":{"line":234,"column":21}},"107":{"start":{"line":233,"column":23},"end":{"line":233,"column":76}},"108":{"start":{"line":236,"column":18},"end":{"line":236,"column":29}},"109":{"start":{"line":245,"column":8},"end":{"line":245,"column":27}},"110":{"start":{"line":249,"column":8},"end":{"line":262,"column":9}},"111":{"start":{"line":251,"column":18},"end":{"line":251,"column":50}},"112":{"start":{"line":254,"column":37},"end":{"line":254,"column":39}},"113":{"start":{"line":255,"column":18},"end":{"line":257,"column":19}},"114":{"start":{"line":256,"column":23},"end":{"line":256,"column":44}},"115":{"start":{"line":258,"column":18},"end":{"line":258,"column":45}},"116":{"start":{"line":261,"column":18},"end":{"line":261,"column":39}},"117":{"start":{"line":266,"column":8},"end":{"line":266,"column":55}},"118":{"start":{"line":269,"column":0},"end":{"line":269,"column":28}}},"fnMap":{"0":{"name":"(anonymous_0)","decl":{"start":{"line":5,"column":5},"end":{"line":5,"column":6}},"loc":{"start":{"line":5,"column":51},"end":{"line":10,"column":6}},"line":5},"1":{"name":"(anonymous_1)","decl":{"start":{"line":16,"column":5},"end":{"line":16,"column":6}},"loc":{"start":{"line":16,"column":24},"end":{"line":22,"column":4}},"line":16},"2":{"name":"(anonymous_2)","decl":{"start":{"line":30,"column":3},"end":{"line":30,"column":4}},"loc":{"start":{"line":30,"column":32},"end":{"line":35,"column":4}},"line":30},"3":{"name":"(anonymous_3)","decl":{"start":{"line":41,"column":3},"end":{"line":41,"column":4}},"loc":{"start":{"line":41,"column":23},"end":{"line":44,"column":4}},"line":41},"4":{"name":"(anonymous_4)","decl":{"start":{"line":50,"column":3},"end":{"line":50,"column":4}},"loc":{"start":{"line":50,"column":38},"end":{"line":73,"column":4}},"line":50},"5":{"name":"(anonymous_5)","decl":{"start":{"line":75,"column":3},"end":{"line":75,"column":4}},"loc":{"start":{"line":75,"column":36},"end":{"line":96,"column":4}},"line":75},"6":{"name":"(anonymous_6)","decl":{"start":{"line":97,"column":3},"end":{"line":97,"column":4}},"loc":{"start":{"line":97,"column":35},"end":{"line":106,"column":4}},"line":97},"7":{"name":"(anonymous_7)","decl":{"start":{"line":107,"column":3},"end":{"line":107,"column":4}},"loc":{"start":{"line":107,"column":30},"end":{"line":117,"column":4}},"line":107},"8":{"name":"(anonymous_8)","decl":{"start":{"line":118,"column":3},"end":{"line":118,"column":4}},"loc":{"start":{"line":118,"column":27},"end":{"line":127,"column":4}},"line":118},"9":{"name":"(anonymous_9)","decl":{"start":{"line":129,"column":3},"end":{"line":129,"column":4}},"loc":{"start":{"line":129,"column":35},"end":{"line":145,"column":4}},"line":129},"10":{"name":"(anonymous_10)","decl":{"start":{"line":147,"column":3},"end":{"line":147,"column":4}},"loc":{"start":{"line":147,"column":39},"end":{"line":156,"column":4}},"line":147},"11":{"name":"(anonymous_11)","decl":{"start":{"line":158,"column":3},"end":{"line":158,"column":4}},"loc":{"start":{"line":158,"column":38},"end":{"line":167,"column":4}},"line":158},"12":{"name":"(anonymous_12)","decl":{"start":{"line":168,"column":3},"end":{"line":168,"column":4}},"loc":{"start":{"line":168,"column":36},"end":{"line":183,"column":4}},"line":168},"13":{"name":"(anonymous_13)","decl":{"start":{"line":184,"column":3},"end":{"line":184,"column":4}},"loc":{"start":{"line":184,"column":36},"end":{"line":199,"column":4}},"line":184},"14":{"name":"(anonymous_14)","decl":{"start":{"line":200,"column":3},"end":{"line":200,"column":4}},"loc":{"start":{"line":200,"column":21},"end":{"line":207,"column":4}},"line":200},"15":{"name":"(anonymous_15)","decl":{"start":{"line":208,"column":3},"end":{"line":208,"column":4}},"loc":{"start":{"line":208,"column":22},"end":{"line":214,"column":4}},"line":208},"16":{"name":"(anonymous_16)","decl":{"start":{"line":215,"column":3},"end":{"line":215,"column":4}},"loc":{"start":{"line":215,"column":28},"end":{"line":222,"column":4}},"line":215},"17":{"name":"(anonymous_17)","decl":{"start":{"line":227,"column":3},"end":{"line":227,"column":4}},"loc":{"start":{"line":227,"column":15},"end":{"line":239,"column":4}},"line":227},"18":{"name":"(anonymous_18)","decl":{"start":{"line":232,"column":51},"end":{"line":232,"column":52}},"loc":{"start":{"line":232,"column":71},"end":{"line":234,"column":19}},"line":232},"19":{"name":"(anonymous_19)","decl":{"start":{"line":244,"column":3},"end":{"line":244,"column":4}},"loc":{"start":{"line":244,"column":21},"end":{"line":246,"column":4}},"line":244},"20":{"name":"(anonymous_20)","decl":{"start":{"line":248,"column":3},"end":{"line":248,"column":4}},"loc":{"start":{"line":248,"column":24},"end":{"line":263,"column":4}},"line":248},"21":{"name":"(anonymous_21)","decl":{"start":{"line":265,"column":3},"end":{"line":265,"column":4}},"loc":{"start":{"line":265,"column":17},"end":{"line":267,"column":4}},"line":265}},"branchMap":{"0":{"loc":{"start":{"line":19,"column":13},"end":{"line":20,"column":42}},"type":"binary-expr","locations":[{"start":{"line":19,"column":13},"end":{"line":19,"column":45}},{"start":{"line":20,"column":13},"end":{"line":20,"column":42}}],"line":19},"1":{"loc":{"start":{"line":31,"column":23},"end":{"line":33,"column":24}},"type":"cond-expr","locations":[{"start":{"line":32,"column":15},"end":{"line":32,"column":45}},{"start":{"line":33,"column":15},"end":{"line":33,"column":24}}],"line":31},"2":{"loc":{"start":{"line":52,"column":13},"end":{"line":52,"column":86}},"type":"if","locations":[{"start":{"line":52,"column":13},"end":{"line":52,"column":86}},{"start":{},"end":{}}],"line":52},"3":{"loc":{"start":{"line":52,"column":17},"end":{"line":52,"column":72}},"type":"binary-expr","locations":[{"start":{"line":52,"column":17},"end":{"line":52,"column":38}},{"start":{"line":52,"column":42},"end":{"line":52,"column":72}}],"line":52},"4":{"loc":{"start":{"line":53,"column":27},"end":{"line":53,"column":121}},"type":"cond-expr","locations":[{"start":{"line":53,"column":64},"end":{"line":53,"column":105}},{"start":{"line":53,"column":108},"end":{"line":53,"column":121}}],"line":53},"5":{"loc":{"start":{"line":53,"column":64},"end":{"line":53,"column":105}},"type":"cond-expr","locations":[{"start":{"line":53,"column":80},"end":{"line":53,"column":100}},{"start":{"line":53,"column":103},"end":{"line":53,"column":105}}],"line":53},"6":{"loc":{"start":{"line":55,"column":13},"end":{"line":65,"column":14}},"type":"if","locations":[{"start":{"line":55,"column":13},"end":{"line":65,"column":14}},{"start":{"line":59,"column":20},"end":{"line":65,"column":14}}],"line":55},"7":{"loc":{"start":{"line":55,"column":17},"end":{"line":55,"column":67}},"type":"binary-expr","locations":[{"start":{"line":55,"column":17},"end":{"line":55,"column":43}},{"start":{"line":55,"column":47},"end":{"line":55,"column":67}}],"line":55},"8":{"loc":{"start":{"line":56,"column":18},"end":{"line":58,"column":19}},"type":"if","locations":[{"start":{"line":56,"column":18},"end":{"line":58,"column":19}},{"start":{},"end":{}}],"line":56},"9":{"loc":{"start":{"line":56,"column":22},"end":{"line":56,"column":66}},"type":"binary-expr","locations":[{"start":{"line":56,"column":22},"end":{"line":56,"column":28}},{"start":{"line":56,"column":32},"end":{"line":56,"column":44}},{"start":{"line":56,"column":48},"end":{"line":56,"column":66}}],"line":56},"10":{"loc":{"start":{"line":59,"column":20},"end":{"line":65,"column":14}},"type":"if","locations":[{"start":{"line":59,"column":20},"end":{"line":65,"column":14}},{"start":{"line":63,"column":20},"end":{"line":65,"column":14}}],"line":59},"11":{"loc":{"start":{"line":59,"column":24},"end":{"line":59,"column":75}},"type":"binary-expr","locations":[{"start":{"line":59,"column":24},"end":{"line":59,"column":50}},{"start":{"line":59,"column":54},"end":{"line":59,"column":75}}],"line":59},"12":{"loc":{"start":{"line":60,"column":18},"end":{"line":62,"column":19}},"type":"if","locations":[{"start":{"line":60,"column":18},"end":{"line":62,"column":19}},{"start":{},"end":{}}],"line":60},"13":{"loc":{"start":{"line":63,"column":20},"end":{"line":65,"column":14}},"type":"if","locations":[{"start":{"line":63,"column":20},"end":{"line":65,"column":14}},{"start":{},"end":{}}],"line":63},"14":{"loc":{"start":{"line":66,"column":13},"end":{"line":68,"column":14}},"type":"if","locations":[{"start":{"line":66,"column":13},"end":{"line":68,"column":14}},{"start":{},"end":{}}],"line":66},"15":{"loc":{"start":{"line":67,"column":37},"end":{"line":67,"column":101}},"type":"binary-expr","locations":[{"start":{"line":67,"column":37},"end":{"line":67,"column":73}},{"start":{"line":67,"column":77},"end":{"line":67,"column":101}}],"line":67},"16":{"loc":{"start":{"line":76,"column":8},"end":{"line":76,"column":27}},"type":"if","locations":[{"start":{"line":76,"column":8},"end":{"line":76,"column":27}},{"start":{},"end":{}}],"line":76},"17":{"loc":{"start":{"line":78,"column":8},"end":{"line":95,"column":9}},"type":"if","locations":[{"start":{"line":78,"column":8},"end":{"line":95,"column":9}},{"start":{"line":83,"column":15},"end":{"line":95,"column":9}}],"line":78},"18":{"loc":{"start":{"line":78,"column":12},"end":{"line":78,"column":45}},"type":"binary-expr","locations":[{"start":{"line":78,"column":12},"end":{"line":78,"column":15}},{"start":{"line":78,"column":19},"end":{"line":78,"column":23}},{"start":{"line":78,"column":27},"end":{"line":78,"column":45}}],"line":78},"19":{"loc":{"start":{"line":81,"column":18},"end":{"line":81,"column":90}},"type":"binary-expr","locations":[{"start":{"line":81,"column":18},"end":{"line":81,"column":52}},{"start":{"line":81,"column":56},"end":{"line":81,"column":90}}],"line":81},"20":{"loc":{"start":{"line":83,"column":15},"end":{"line":95,"column":9}},"type":"if","locations":[{"start":{"line":83,"column":15},"end":{"line":95,"column":9}},{"start":{"line":89,"column":15},"end":{"line":95,"column":9}}],"line":83},"21":{"loc":{"start":{"line":83,"column":19},"end":{"line":83,"column":52}},"type":"binary-expr","locations":[{"start":{"line":83,"column":19},"end":{"line":83,"column":23}},{"start":{"line":83,"column":27},"end":{"line":83,"column":30}},{"start":{"line":83,"column":34},"end":{"line":83,"column":52}}],"line":83},"22":{"loc":{"start":{"line":86,"column":18},"end":{"line":87,"column":56}},"type":"binary-expr","locations":[{"start":{"line":86,"column":18},"end":{"line":86,"column":52}},{"start":{"line":87,"column":18},"end":{"line":87,"column":56}}],"line":86},"23":{"loc":{"start":{"line":89,"column":15},"end":{"line":95,"column":9}},"type":"if","locations":[{"start":{"line":89,"column":15},"end":{"line":95,"column":9}},{"start":{},"end":{}}],"line":89},"24":{"loc":{"start":{"line":89,"column":19},"end":{"line":89,"column":75}},"type":"binary-expr","locations":[{"start":{"line":89,"column":19},"end":{"line":89,"column":22}},{"start":{"line":89,"column":26},"end":{"line":89,"column":29}},{"start":{"line":89,"column":34},"end":{"line":89,"column":52}},{"start":{"line":89,"column":56},"end":{"line":89,"column":74}}],"line":89},"25":{"loc":{"start":{"line":92,"column":18},"end":{"line":93,"column":77}},"type":"binary-expr","locations":[{"start":{"line":92,"column":18},"end":{"line":92,"column":52}},{"start":{"line":93,"column":18},"end":{"line":93,"column":77}}],"line":92},"26":{"loc":{"start":{"line":98,"column":8},"end":{"line":98,"column":27}},"type":"if","locations":[{"start":{"line":98,"column":8},"end":{"line":98,"column":27}},{"start":{},"end":{}}],"line":98},"27":{"loc":{"start":{"line":99,"column":8},"end":{"line":105,"column":9}},"type":"if","locations":[{"start":{"line":99,"column":8},"end":{"line":105,"column":9}},{"start":{},"end":{}}],"line":99},"28":{"loc":{"start":{"line":102,"column":18},"end":{"line":103,"column":60}},"type":"binary-expr","locations":[{"start":{"line":102,"column":18},"end":{"line":102,"column":51}},{"start":{"line":103,"column":18},"end":{"line":103,"column":60}}],"line":102},"29":{"loc":{"start":{"line":108,"column":8},"end":{"line":108,"column":27}},"type":"if","locations":[{"start":{"line":108,"column":8},"end":{"line":108,"column":27}},{"start":{},"end":{}}],"line":108},"30":{"loc":{"start":{"line":110,"column":8},"end":{"line":116,"column":9}},"type":"if","locations":[{"start":{"line":110,"column":8},"end":{"line":116,"column":9}},{"start":{},"end":{}}],"line":110},"31":{"loc":{"start":{"line":110,"column":12},"end":{"line":110,"column":47}},"type":"binary-expr","locations":[{"start":{"line":110,"column":12},"end":{"line":110,"column":26}},{"start":{"line":110,"column":30},"end":{"line":110,"column":47}}],"line":110},"32":{"loc":{"start":{"line":113,"column":18},"end":{"line":114,"column":78}},"type":"binary-expr","locations":[{"start":{"line":113,"column":18},"end":{"line":113,"column":54}},{"start":{"line":114,"column":18},"end":{"line":114,"column":78}}],"line":113},"33":{"loc":{"start":{"line":119,"column":8},"end":{"line":119,"column":27}},"type":"if","locations":[{"start":{"line":119,"column":8},"end":{"line":119,"column":27}},{"start":{},"end":{}}],"line":119},"34":{"loc":{"start":{"line":121,"column":8},"end":{"line":126,"column":9}},"type":"if","locations":[{"start":{"line":121,"column":8},"end":{"line":126,"column":9}},{"start":{},"end":{}}],"line":121},"35":{"loc":{"start":{"line":124,"column":18},"end":{"line":124,"column":70}},"type":"binary-expr","locations":[{"start":{"line":124,"column":18},"end":{"line":124,"column":51}},{"start":{"line":124,"column":55},"end":{"line":124,"column":70}}],"line":124},"36":{"loc":{"start":{"line":130,"column":8},"end":{"line":130,"column":27}},"type":"if","locations":[{"start":{"line":130,"column":8},"end":{"line":130,"column":27}},{"start":{},"end":{}}],"line":130},"37":{"loc":{"start":{"line":132,"column":8},"end":{"line":144,"column":9}},"type":"if","locations":[{"start":{"line":132,"column":8},"end":{"line":144,"column":9}},{"start":{"line":137,"column":15},"end":{"line":144,"column":9}}],"line":132},"38":{"loc":{"start":{"line":135,"column":18},"end":{"line":135,"column":84}},"type":"binary-expr","locations":[{"start":{"line":135,"column":18},"end":{"line":135,"column":51}},{"start":{"line":135,"column":55},"end":{"line":135,"column":84}}],"line":135},"39":{"loc":{"start":{"line":137,"column":15},"end":{"line":144,"column":9}},"type":"if","locations":[{"start":{"line":137,"column":15},"end":{"line":144,"column":9}},{"start":{},"end":{}}],"line":137},"40":{"loc":{"start":{"line":141,"column":18},"end":{"line":142,"column":65}},"type":"binary-expr","locations":[{"start":{"line":141,"column":18},"end":{"line":141,"column":50}},{"start":{"line":142,"column":18},"end":{"line":142,"column":65}}],"line":141},"41":{"loc":{"start":{"line":148,"column":8},"end":{"line":148,"column":47}},"type":"if","locations":[{"start":{"line":148,"column":8},"end":{"line":148,"column":47}},{"start":{},"end":{}}],"line":148},"42":{"loc":{"start":{"line":148,"column":12},"end":{"line":148,"column":38}},"type":"binary-expr","locations":[{"start":{"line":148,"column":12},"end":{"line":148,"column":18}},{"start":{"line":148,"column":22},"end":{"line":148,"column":38}}],"line":148},"43":{"loc":{"start":{"line":150,"column":8},"end":{"line":155,"column":9}},"type":"if","locations":[{"start":{"line":150,"column":8},"end":{"line":155,"column":9}},{"start":{},"end":{}}],"line":150},"44":{"loc":{"start":{"line":153,"column":18},"end":{"line":153,"column":100}},"type":"binary-expr","locations":[{"start":{"line":153,"column":18},"end":{"line":153,"column":55}},{"start":{"line":153,"column":59},"end":{"line":153,"column":100}}],"line":153},"45":{"loc":{"start":{"line":159,"column":8},"end":{"line":159,"column":43}},"type":"if","locations":[{"start":{"line":159,"column":8},"end":{"line":159,"column":43}},{"start":{},"end":{}}],"line":159},"46":{"loc":{"start":{"line":159,"column":12},"end":{"line":159,"column":34}},"type":"binary-expr","locations":[{"start":{"line":159,"column":12},"end":{"line":159,"column":18}},{"start":{"line":159,"column":22},"end":{"line":159,"column":34}}],"line":159},"47":{"loc":{"start":{"line":160,"column":8},"end":{"line":166,"column":9}},"type":"if","locations":[{"start":{"line":160,"column":8},"end":{"line":166,"column":9}},{"start":{},"end":{}}],"line":160},"48":{"loc":{"start":{"line":164,"column":18},"end":{"line":164,"column":96}},"type":"binary-expr","locations":[{"start":{"line":164,"column":18},"end":{"line":164,"column":54}},{"start":{"line":164,"column":58},"end":{"line":164,"column":96}}],"line":164},"49":{"loc":{"start":{"line":170,"column":13},"end":{"line":170,"column":31}},"type":"if","locations":[{"start":{"line":170,"column":13},"end":{"line":170,"column":31}},{"start":{},"end":{}}],"line":170},"50":{"loc":{"start":{"line":173,"column":13},"end":{"line":179,"column":14}},"type":"if","locations":[{"start":{"line":173,"column":13},"end":{"line":179,"column":14}},{"start":{},"end":{}}],"line":173},"51":{"loc":{"start":{"line":176,"column":23},"end":{"line":177,"column":72}},"type":"binary-expr","locations":[{"start":{"line":176,"column":23},"end":{"line":176,"column":57}},{"start":{"line":177,"column":23},"end":{"line":177,"column":72}}],"line":176},"52":{"loc":{"start":{"line":186,"column":13},"end":{"line":186,"column":32}},"type":"if","locations":[{"start":{"line":186,"column":13},"end":{"line":186,"column":32}},{"start":{},"end":{}}],"line":186},"53":{"loc":{"start":{"line":189,"column":13},"end":{"line":195,"column":14}},"type":"if","locations":[{"start":{"line":189,"column":13},"end":{"line":195,"column":14}},{"start":{},"end":{}}],"line":189},"54":{"loc":{"start":{"line":192,"column":23},"end":{"line":193,"column":79}},"type":"binary-expr","locations":[{"start":{"line":192,"column":23},"end":{"line":192,"column":57}},{"start":{"line":193,"column":23},"end":{"line":193,"column":79}}],"line":192},"55":{"loc":{"start":{"line":201,"column":8},"end":{"line":201,"column":26}},"type":"if","locations":[{"start":{"line":201,"column":8},"end":{"line":201,"column":26}},{"start":{},"end":{}}],"line":201},"56":{"loc":{"start":{"line":204,"column":8},"end":{"line":206,"column":9}},"type":"if","locations":[{"start":{"line":204,"column":8},"end":{"line":206,"column":9}},{"start":{},"end":{}}],"line":204},"57":{"loc":{"start":{"line":205,"column":32},"end":{"line":205,"column":124}},"type":"binary-expr","locations":[{"start":{"line":205,"column":32},"end":{"line":205,"column":65}},{"start":{"line":205,"column":69},"end":{"line":205,"column":124}}],"line":205},"58":{"loc":{"start":{"line":209,"column":8},"end":{"line":209,"column":26}},"type":"if","locations":[{"start":{"line":209,"column":8},"end":{"line":209,"column":26}},{"start":{},"end":{}}],"line":209},"59":{"loc":{"start":{"line":211,"column":8},"end":{"line":213,"column":9}},"type":"if","locations":[{"start":{"line":211,"column":8},"end":{"line":213,"column":9}},{"start":{},"end":{}}],"line":211},"60":{"loc":{"start":{"line":212,"column":32},"end":{"line":212,"column":105}},"type":"binary-expr","locations":[{"start":{"line":212,"column":32},"end":{"line":212,"column":66}},{"start":{"line":212,"column":70},"end":{"line":212,"column":105}}],"line":212},"61":{"loc":{"start":{"line":216,"column":8},"end":{"line":216,"column":26}},"type":"if","locations":[{"start":{"line":216,"column":8},"end":{"line":216,"column":26}},{"start":{},"end":{}}],"line":216},"62":{"loc":{"start":{"line":219,"column":8},"end":{"line":221,"column":9}},"type":"if","locations":[{"start":{"line":219,"column":8},"end":{"line":221,"column":9}},{"start":{},"end":{}}],"line":219},"63":{"loc":{"start":{"line":220,"column":32},"end":{"line":220,"column":112}},"type":"binary-expr","locations":[{"start":{"line":220,"column":32},"end":{"line":220,"column":64}},{"start":{"line":220,"column":68},"end":{"line":220,"column":112}}],"line":220},"64":{"loc":{"start":{"line":249,"column":8},"end":{"line":262,"column":9}},"type":"switch","locations":[{"start":{"line":250,"column":13},"end":{"line":251,"column":50}},{"start":{"line":253,"column":13},"end":{"line":258,"column":45}},{"start":{"line":260,"column":13},"end":{"line":261,"column":39}}],"line":249},"65":{"loc":{"start":{"line":266,"column":15},"end":{"line":266,"column":55}},"type":"cond-expr","locations":[{"start":{"line":266,"column":34},"end":{"line":266,"column":48}},{"start":{"line":266,"column":51},"end":{"line":266,"column":55}}],"line":266},"66":{"loc":{"start":{"line":266,"column":15},"end":{"line":266,"column":31}},"type":"binary-expr","locations":[{"start":{"line":266,"column":15},"end":{"line":266,"column":24}},{"start":{"line":266,"column":28},"end":{"line":266,"column":31}}],"line":266}},"s":{"0":1,"1":1,"2":0,"3":0,"4":0,"5":0,"6":0,"7":0,"8":0,"9":0,"10":0,"11":0,"12":0,"13":0,"14":0,"15":0,"16":0,"17":0,"18":0,"19":0,"20":0,"21":0,"22":0,"23":0,"24":0,"25":0,"26":0,"27":0,"28":0,"29":0,"30":0,"31":0,"32":0,"33":0,"34":0,"35":0,"36":0,"37":0,"38":0,"39":0,"40":0,"41":0,"42":0,"43":0,"44":0,"45":0,"46":0,"47":0,"48":0,"49":0,"50":0,"51":0,"52":0,"53":0,"54":0,"55":0,"56":0,"57":0,"58":0,"59":0,"60":0,"61":0,"62":0,"63":0,"64":0,"65":0,"66":0,"67":0,"68":0,"69":0,"70":0,"71":0,"72":0,"73":0,"74":0,"75":0,"76":0,"77":0,"78":0,"79":0,"80":0,"81":0,"82":0,"83":0,"84":0,"85":0,"86":0,"87":0,"88":0,"89":0,"90":0,"91":0,"92":0,"93":0,"94":0,"95":0,"96":0,"97":0,"98":0,"99":0,"100":0,"101":0,"102":0,"103":0,"104":0,"105":0,"106":0,"107":0,"108":0,"109":0,"110":0,"111":0,"112":0,"113":0,"114":0,"115":0,"116":0,"117":0,"118":1},"f":{"0":0,"1":0,"2":0,"3":0,"4":0,"5":0,"6":0,"7":0,"8":0,"9":0,"10":0,"11":0,"12":0,"13":0,"14":0,"15":0,"16":0,"17":0,"18":0,"19":0,"20":0,"21":0},"b":{"0":[0,0],"1":[0,0],"2":[0,0],"3":[0,0],"4":[0,0],"5":[0,0],"6":[0,0],"7":[0,0],"8":[0,0],"9":[0,0,0],"10":[0,0],"11":[0,0],"12":[0,0],"13":[0,0],"14":[0,0],"15":[0,0],"16":[0,0],"17":[0,0],"18":[0,0,0],"19":[0,0],"20":[0,0],"21":[0,0,0],"22":[0,0],"23":[0,0],"24":[0,0,0,0],"25":[0,0],"26":[0,0],"27":[0,0],"28":[0,0],"29":[0,0],"30":[0,0],"31":[0,0],"32":[0,0],"33":[0,0],"34":[0,0],"35":[0,0],"36":[0,0],"37":[0,0],"38":[0,0],"39":[0,0],"40":[0,0],"41":[0,0],"42":[0,0],"43":[0,0],"44":[0,0],"45":[0,0],"46":[0,0],"47":[0,0],"48":[0,0],"49":[0,0],"50":[0,0],"51":[0,0],"52":[0,0],"53":[0,0],"54":[0,0],"55":[0,0],"56":[0,0],"57":[0,0],"58":[0,0],"59":[0,0],"60":[0,0],"61":[0,0],"62":[0,0],"63":[0,0],"64":[0,0,0],"65":[0,0],"66":[0,0]},"_coverageSchema":"1a1c01bbd47fc00a2c39e90264f33305004495a9","hash":"9a5fc43dbe7e767ea2bc456cdf42597bc12f8b8f"}
,"C:\\Users\\muban\\OneDrive\\Bureau\\jest\\jest-api\\class\\uploads\\UtilisateurUpload.js": {"path":"C:\\Users\\muban\\OneDrive\\Bureau\\jest\\jest-api\\class\\uploads\\UtilisateurUpload.js","statementMap":{"0":{"start":{"line":1,"column":28},"end":{"line":1,"column":74}},"1":{"start":{"line":2,"column":15},"end":{"line":2,"column":35}},"2":{"start":{"line":3,"column":13},"end":{"line":3,"column":28}},"3":{"start":{"line":7,"column":10},"end":{"line":7,"column":17}},"4":{"start":{"line":8,"column":10},"end":{"line":8,"column":108}},"5":{"start":{"line":11,"column":0},"end":{"line":11,"column":34}}},"fnMap":{"0":{"name":"(anonymous_0)","decl":{"start":{"line":6,"column":5},"end":{"line":6,"column":6}},"loc":{"start":{"line":6,"column":19},"end":{"line":9,"column":6}},"line":6}},"branchMap":{},"s":{"0":1,"1":1,"2":1,"3":0,"4":0,"5":1},"f":{"0":0},"b":{},"_coverageSchema":"1a1c01bbd47fc00a2c39e90264f33305004495a9","hash":"296605b746462e0e73ebdea98c57823fbec6d290"}
,"C:\\Users\\muban\\OneDrive\\Bureau\\jest\\jest-api\\constants\\FILE_CONFIG.js": {"path":"C:\\Users\\muban\\OneDrive\\Bureau\\jest\\jest-api\\constants\\FILE_CONFIG.js","statementMap":{"0":{"start":{"line":1,"column":21},"end":{"line":1,"column":61}},"1":{"start":{"line":3,"column":0},"end":{"line":5,"column":1}}},"fnMap":{},"branchMap":{},"s":{"0":1,"1":1},"f":{},"b":{},"_coverageSchema":"1a1c01bbd47fc00a2c39e90264f33305004495a9","hash":"537c6bee9cb11c7e05cd88ca267dabe97195b0da"}
,"C:\\Users\\muban\\OneDrive\\Bureau\\jest\\jest-api\\constants\\IMAGES_DESTINATIONS.js": {"path":"C:\\Users\\muban\\OneDrive\\Bureau\\jest\\jest-api\\constants\\IMAGES_DESTINATIONS.js","statementMap":{"0":{"start":{"line":1,"column":13},"end":{"line":1,"column":28}},"1":{"start":{"line":3,"column":28},"end":{"line":7,"column":1}},"2":{"start":{"line":9,"column":0},"end":{"line":9,"column":36}}},"fnMap":{},"branchMap":{},"s":{"0":1,"1":1,"2":1},"f":{},"b":{},"_coverageSchema":"1a1c01bbd47fc00a2c39e90264f33305004495a9","hash":"1a9fba0194639795261871bff02a5a7442391afe"}
,"C:\\Users\\muban\\OneDrive\\Bureau\\jest\\jest-api\\controllers\\utilisateurs.controller.js": {"path":"C:\\Users\\muban\\OneDrive\\Bureau\\jest\\jest-api\\controllers\\utilisateurs.controller.js","statementMap":{"0":{"start":{"line":1,"column":21},"end":{"line":1,"column":54}},"1":{"start":{"line":2,"column":19},"end":{"line":2,"column":49}},"2":{"start":{"line":3,"column":26},"end":{"line":3,"column":71}},"3":{"start":{"line":4,"column":28},"end":{"line":4,"column":71}},"4":{"start":{"line":5,"column":13},"end":{"line":5,"column":28}},"5":{"start":{"line":6,"column":12},"end":{"line":6,"column":35}},"6":{"start":{"line":7,"column":15},"end":{"line":7,"column":32}},"7":{"start":{"line":8,"column":15},"end":{"line":8,"column":32}},"8":{"start":{"line":9,"column":0},"end":{"line":9,"column":16}},"9":{"start":{"line":11,"column":26},"end":{"line":140,"column":1}},"10":{"start":{"line":12,"column":2},"end":{"line":139,"column":3}},"11":{"start":{"line":14,"column":6},"end":{"line":14,"column":14}},"12":{"start":{"line":16,"column":17},"end":{"line":19,"column":5}},"13":{"start":{"line":21,"column":23},"end":{"line":95,"column":5}},"14":{"start":{"line":96,"column":4},"end":{"line":96,"column":27}},"15":{"start":{"line":97,"column":20},"end":{"line":97,"column":49}},"16":{"start":{"line":98,"column":4},"end":{"line":104,"column":5}},"17":{"start":{"line":99,"column":21},"end":{"line":99,"column":49}},"18":{"start":{"line":100,"column":6},"end":{"line":103,"column":9}},"19":{"start":{"line":111,"column":17},"end":{"line":111,"column":39}},"20":{"start":{"line":112,"column":21},"end":{"line":112,"column":58}},"21":{"start":{"line":113,"column":20},"end":{"line":121,"column":6}},"22":{"start":{"line":122,"column":20},"end":{"line":124,"column":5}},"23":{"start":{"line":125,"column":24},"end":{"line":127,"column":6}},"24":{"start":{"line":128,"column":48},"end":{"line":128,"column":64}},"25":{"start":{"line":129,"column":4},"end":{"line":135,"column":7}},"26":{"start":{"line":137,"column":24},"end":{"line":137,"column":81}},"27":{"start":{"line":138,"column":4},"end":{"line":138,"column":54}},"28":{"start":{"line":141,"column":17},"end":{"line":150,"column":1}},"29":{"start":{"line":142,"column":2},"end":{"line":149,"column":3}},"30":{"start":{"line":143,"column":25},"end":{"line":143,"column":53}},"31":{"start":{"line":145,"column":4},"end":{"line":145,"column":39}},"32":{"start":{"line":147,"column":24},"end":{"line":147,"column":80}},"33":{"start":{"line":148,"column":4},"end":{"line":148,"column":54}},"34":{"start":{"line":151,"column":17},"end":{"line":165,"column":1}},"35":{"start":{"line":152,"column":2},"end":{"line":164,"column":7}},"36":{"start":{"line":153,"column":33},"end":{"line":153,"column":43}},"37":{"start":{"line":154,"column":21},"end":{"line":159,"column":8}},"38":{"start":{"line":160,"column":6},"end":{"line":160,"column":34}},"39":{"start":{"line":162,"column":30},"end":{"line":162,"column":87}},"40":{"start":{"line":163,"column":10},"end":{"line":163,"column":59}},"41":{"start":{"line":166,"column":21},"end":{"line":187,"column":1}},"42":{"start":{"line":167,"column":2},"end":{"line":186,"column":3}},"43":{"start":{"line":168,"column":33},"end":{"line":168,"column":43}},"44":{"start":{"line":169,"column":56},"end":{"line":169,"column":64}},"45":{"start":{"line":170,"column":7},"end":{"line":176,"column":8}},"46":{"start":{"line":177,"column":6},"end":{"line":182,"column":8}},"47":{"start":{"line":184,"column":26},"end":{"line":184,"column":82}},"48":{"start":{"line":185,"column":6},"end":{"line":185,"column":55}},"49":{"start":{"line":189,"column":2},"end":{"line":204,"column":1}},"50":{"start":{"line":190,"column":2},"end":{"line":203,"column":3}},"51":{"start":{"line":191,"column":33},"end":{"line":191,"column":43}},"52":{"start":{"line":192,"column":6},"end":{"line":196,"column":8}},"53":{"start":{"line":197,"column":6},"end":{"line":199,"column":8}},"54":{"start":{"line":201,"column":26},"end":{"line":201,"column":82}},"55":{"start":{"line":202,"column":6},"end":{"line":202,"column":55}},"56":{"start":{"line":205,"column":0},"end":{"line":211,"column":2}},"57":{"start":{"line":218,"column":85},"end":{"line":218,"column":40019}},"58":{"start":{"line":218,"column":89},"end":{"line":218,"column":40008}}},"fnMap":{"0":{"name":"(anonymous_0)","decl":{"start":{"line":11,"column":26},"end":{"line":11,"column":27}},"loc":{"start":{"line":11,"column":46},"end":{"line":140,"column":1}},"line":11},"1":{"name":"(anonymous_1)","decl":{"start":{"line":141,"column":17},"end":{"line":141,"column":18}},"loc":{"start":{"line":141,"column":37},"end":{"line":150,"column":1}},"line":141},"2":{"name":"(anonymous_2)","decl":{"start":{"line":151,"column":17},"end":{"line":151,"column":18}},"loc":{"start":{"line":151,"column":37},"end":{"line":165,"column":1}},"line":151},"3":{"name":"(anonymous_3)","decl":{"start":{"line":166,"column":21},"end":{"line":166,"column":22}},"loc":{"start":{"line":166,"column":41},"end":{"line":187,"column":1}},"line":166},"4":{"name":"(anonymous_4)","decl":{"start":{"line":189,"column":2},"end":{"line":189,"column":3}},"loc":{"start":{"line":189,"column":22},"end":{"line":204,"column":1}},"line":189},"5":{"name":"oo_cm","decl":{"start":{"line":218,"column":77},"end":{"line":218,"column":82}},"loc":{"start":{"line":218,"column":84},"end":{"line":218,"column":40020}},"line":218}},"branchMap":{"0":{"loc":{"start":{"line":98,"column":4},"end":{"line":104,"column":5}},"type":"if","locations":[{"start":{"line":98,"column":4},"end":{"line":104,"column":5}},{"start":{},"end":{}}],"line":98},"1":{"loc":{"start":{"line":218,"column":96},"end":{"line":218,"column":40007}},"type":"binary-expr","locations":[{"start":{"line":218,"column":96},"end":{"line":218,"column":133}},{"start":{"line":218,"column":137},"end":{"line":218,"column":40007}}],"line":218}},"s":{"0":1,"1":1,"2":1,"3":1,"4":1,"5":1,"6":1,"7":1,"8":1,"9":1,"10":3,"11":3,"12":3,"13":3,"14":3,"15":2,"16":2,"17":1,"18":1,"19":1,"20":1,"21":1,"22":1,"23":1,"24":1,"25":1,"26":1,"27":1,"28":1,"29":2,"30":2,"31":1,"32":1,"33":1,"34":1,"35":2,"36":2,"37":2,"38":1,"39":1,"40":1,"41":1,"42":2,"43":2,"44":2,"45":2,"46":1,"47":1,"48":1,"49":1,"50":2,"51":2,"52":2,"53":1,"54":1,"55":1,"56":1,"57":5,"58":5},"f":{"0":3,"1":2,"2":2,"3":2,"4":2,"5":5},"b":{"0":[1,1],"1":[5,1]},"_coverageSchema":"1a1c01bbd47fc00a2c39e90264f33305004495a9","hash":"534faa01a1a50a3b93f5945f752366bae2d8af6a"}
,"C:\\Users\\muban\\OneDrive\\Bureau\\jest\\jest-api\\models\\Utilisateurs.js": {"path":"C:\\Users\\muban\\OneDrive\\Bureau\\jest\\jest-api\\models\\Utilisateurs.js","statementMap":{"0":{"start":{"line":1,"column":22},"end":{"line":1,"column":42}},"1":{"start":{"line":2,"column":18},"end":{"line":2,"column":47}},"2":{"start":{"line":4,"column":21},"end":{"line":55,"column":1}},"3":{"start":{"line":57,"column":0},"end":{"line":57,"column":30}}},"fnMap":{},"branchMap":{},"s":{"0":1,"1":1,"2":1,"3":1},"f":{},"b":{},"_coverageSchema":"1a1c01bbd47fc00a2c39e90264f33305004495a9","hash":"aee6262e9fa7f36a1481e7c61bc50cf5ab436ea4"}
,"C:\\Users\\muban\\OneDrive\\Bureau\\jest\\jest-api\\utils\\db.js": {"path":"C:\\Users\\muban\\OneDrive\\Bureau\\jest\\jest-api\\utils\\db.js","statementMap":{"0":{"start":{"line":1,"column":23},"end":{"line":1,"column":48}},"1":{"start":{"line":2,"column":15},"end":{"line":2,"column":32}},"2":{"start":{"line":5,"column":0},"end":{"line":5,"column":15}},"3":{"start":{"line":7,"column":17},"end":{"line":7,"column":26}},"4":{"start":{"line":9,"column":19},"end":{"line":24,"column":1}},"5":{"start":{"line":10,"column":4},"end":{"line":23,"column":5}},"6":{"start":{"line":11,"column":8},"end":{"line":11,"column":41}},"7":{"start":{"line":11,"column":24},"end":{"line":11,"column":41}},"8":{"start":{"line":12,"column":8},"end":{"line":19,"column":10}},"9":{"start":{"line":20,"column":8},"end":{"line":20,"column":25}},"10":{"start":{"line":22,"column":8},"end":{"line":22,"column":19}},"11":{"start":{"line":25,"column":14},"end":{"line":28,"column":1}},"12":{"start":{"line":26,"column":17},"end":{"line":26,"column":35}},"13":{"start":{"line":27,"column":4},"end":{"line":27,"column":47}},"14":{"start":{"line":29,"column":0},"end":{"line":31,"column":1}}},"fnMap":{"0":{"name":"(anonymous_0)","decl":{"start":{"line":9,"column":19},"end":{"line":9,"column":20}},"loc":{"start":{"line":9,"column":31},"end":{"line":24,"column":1}},"line":9},"1":{"name":"(anonymous_1)","decl":{"start":{"line":25,"column":14},"end":{"line":25,"column":15}},"loc":{"start":{"line":25,"column":39},"end":{"line":28,"column":1}},"line":25}},"branchMap":{"0":{"loc":{"start":{"line":11,"column":8},"end":{"line":11,"column":41}},"type":"if","locations":[{"start":{"line":11,"column":8},"end":{"line":11,"column":41}},{"start":{},"end":{}}],"line":11},"1":{"loc":{"start":{"line":17,"column":18},"end":{"line":17,"column":65}},"type":"cond-expr","locations":[{"start":{"line":17,"column":40},"end":{"line":17,"column":59}},{"start":{"line":17,"column":61},"end":{"line":17,"column":65}}],"line":17}},"s":{"0":1,"1":1,"2":1,"3":1,"4":1,"5":0,"6":0,"7":0,"8":0,"9":0,"10":0,"11":1,"12":0,"13":0,"14":1},"f":{"0":0,"1":0},"b":{"0":[0,0],"1":[0,0]},"_coverageSchema":"1a1c01bbd47fc00a2c39e90264f33305004495a9","hash":"28b5e828b2d1f97dc2006324cea411ba4121e6e5"}
,"C:\\Users\\muban\\OneDrive\\Bureau\\jest\\jest-api\\utils\\sequelize.js": {"path":"C:\\Users\\muban\\OneDrive\\Bureau\\jest\\jest-api\\utils\\sequelize.js","statementMap":{"0":{"start":{"line":1,"column":22},"end":{"line":1,"column":42}},"1":{"start":{"line":3,"column":15},"end":{"line":3,"column":32}},"2":{"start":{"line":5,"column":0},"end":{"line":5,"column":16}},"3":{"start":{"line":7,"column":18},"end":{"line":15,"column":2}},"4":{"start":{"line":16,"column":0},"end":{"line":16,"column":26}}},"fnMap":{},"branchMap":{"0":{"loc":{"start":{"line":12,"column":10},"end":{"line":12,"column":57}},"type":"cond-expr","locations":[{"start":{"line":12,"column":32},"end":{"line":12,"column":51}},{"start":{"line":12,"column":53},"end":{"line":12,"column":57}}],"line":12}},"s":{"0":1,"1":1,"2":1,"3":1,"4":1},"f":{},"b":{"0":[0,1]},"_coverageSchema":"1a1c01bbd47fc00a2c39e90264f33305004495a9","hash":"b1cf5f75b07bc53470470863eed35a1f75ff836d"}
}
