TN:
SF:class\Upload.js
FN:7,(anonymous_0)
FN:11,(anonymous_1)
FNF:2
FNH:0
FNDA:0,(anonymous_0)
FNDA:0,(anonymous_1)
DA:1,1
DA:2,1
DA:3,1
DA:4,1
DA:8,0
DA:12,0
DA:13,0
DA:14,0
DA:15,0
DA:16,0
DA:17,0
DA:18,0
DA:19,0
DA:20,0
DA:21,0
DA:23,0
DA:24,0
DA:25,0
DA:26,0
DA:28,0
DA:29,0
DA:30,0
DA:32,0
DA:34,0
DA:39,0
DA:44,1
LF:26
LH:5
BRDA:11,0,0,0
BRDA:11,1,0,0
BRDA:13,2,0,0
BRDA:13,2,1,0
BRDA:15,3,0,0
BRDA:15,3,1,0
BRDA:17,4,0,0
BRDA:17,4,1,0
BRDA:20,5,0,0
BRDA:20,5,1,0
BRDA:25,6,0,0
BRDA:25,6,1,0
BRDA:25,7,0,0
BRDA:25,7,1,0
BRDA:29,8,0,0
BRDA:29,8,1,0
BRDA:29,9,0,0
BRDA:29,9,1,0
BRDA:36,10,0,0
BRDA:36,10,1,0
BRF:20
BRH:0
end_of_record
TN:
SF:class\Validation.js
FN:5,(anonymous_0)
FN:16,(anonymous_1)
FN:30,(anonymous_2)
FN:41,(anonymous_3)
FN:50,(anonymous_4)
FN:75,(anonymous_5)
FN:97,(anonymous_6)
FN:107,(anonymous_7)
FN:118,(anonymous_8)
FN:129,(anonymous_9)
FN:147,(anonymous_10)
FN:158,(anonymous_11)
FN:168,(anonymous_12)
FN:184,(anonymous_13)
FN:200,(anonymous_14)
FN:208,(anonymous_15)
FN:215,(anonymous_16)
FN:227,(anonymous_17)
FN:232,(anonymous_18)
FN:244,(anonymous_19)
FN:248,(anonymous_20)
FN:265,(anonymous_21)
FNF:22
FNH:0
FNDA:0,(anonymous_0)
FNDA:0,(anonymous_1)
FNDA:0,(anonymous_2)
FNDA:0,(anonymous_3)
FNDA:0,(anonymous_4)
FNDA:0,(anonymous_5)
FNDA:0,(anonymous_6)
FNDA:0,(anonymous_7)
FNDA:0,(anonymous_8)
FNDA:0,(anonymous_9)
FNDA:0,(anonymous_10)
FNDA:0,(anonymous_11)
FNDA:0,(anonymous_12)
FNDA:0,(anonymous_13)
FNDA:0,(anonymous_14)
FNDA:0,(anonymous_15)
FNDA:0,(anonymous_16)
FNDA:0,(anonymous_17)
FNDA:0,(anonymous_18)
FNDA:0,(anonymous_19)
FNDA:0,(anonymous_20)
FNDA:0,(anonymous_21)
DA:1,1
DA:2,1
DA:6,0
DA:7,0
DA:8,0
DA:9,0
DA:17,0
DA:18,0
DA:31,0
DA:34,0
DA:42,0
DA:43,0
DA:51,0
DA:52,0
DA:53,0
DA:54,0
DA:55,0
DA:56,0
DA:57,0
DA:59,0
DA:60,0
DA:61,0
DA:63,0
DA:64,0
DA:66,0
DA:67,0
DA:71,0
DA:76,0
DA:77,0
DA:78,0
DA:79,0
DA:83,0
DA:84,0
DA:89,0
DA:90,0
DA:98,0
DA:99,0
DA:100,0
DA:108,0
DA:109,0
DA:110,0
DA:111,0
DA:119,0
DA:120,0
DA:121,0
DA:122,0
DA:130,0
DA:131,0
DA:132,0
DA:133,0
DA:137,0
DA:138,0
DA:139,0
DA:148,0
DA:149,0
DA:150,0
DA:151,0
DA:159,0
DA:160,0
DA:161,0
DA:162,0
DA:169,0
DA:170,0
DA:171,0
DA:172,0
DA:173,0
DA:174,0
DA:181,0
DA:185,0
DA:186,0
DA:187,0
DA:188,0
DA:189,0
DA:190,0
DA:197,0
DA:201,0
DA:202,0
DA:203,0
DA:204,0
DA:205,0
DA:209,0
DA:210,0
DA:211,0
DA:212,0
DA:216,0
DA:217,0
DA:218,0
DA:219,0
DA:220,0
DA:228,0
DA:229,0
DA:230,0
DA:231,0
DA:232,0
DA:233,0
DA:236,0
DA:245,0
DA:249,0
DA:251,0
DA:254,0
DA:255,0
DA:256,0
DA:258,0
DA:261,0
DA:266,0
DA:269,1
LF:106
LH:3
BRDA:19,0,0,0
BRDA:19,0,1,0
BRDA:31,1,0,0
BRDA:31,1,1,0
BRDA:52,2,0,0
BRDA:52,2,1,0
BRDA:52,3,0,0
BRDA:52,3,1,0
BRDA:53,4,0,0
BRDA:53,4,1,0
BRDA:53,5,0,0
BRDA:53,5,1,0
BRDA:55,6,0,0
BRDA:55,6,1,0
BRDA:55,7,0,0
BRDA:55,7,1,0
BRDA:56,8,0,0
BRDA:56,8,1,0
BRDA:56,9,0,0
BRDA:56,9,1,0
BRDA:56,9,2,0
BRDA:59,10,0,0
BRDA:59,10,1,0
BRDA:59,11,0,0
BRDA:59,11,1,0
BRDA:60,12,0,0
BRDA:60,12,1,0
BRDA:63,13,0,0
BRDA:63,13,1,0
BRDA:66,14,0,0
BRDA:66,14,1,0
BRDA:67,15,0,0
BRDA:67,15,1,0
BRDA:76,16,0,0
BRDA:76,16,1,0
BRDA:78,17,0,0
BRDA:78,17,1,0
BRDA:78,18,0,0
BRDA:78,18,1,0
BRDA:78,18,2,0
BRDA:81,19,0,0
BRDA:81,19,1,0
BRDA:83,20,0,0
BRDA:83,20,1,0
BRDA:83,21,0,0
BRDA:83,21,1,0
BRDA:83,21,2,0
BRDA:86,22,0,0
BRDA:86,22,1,0
BRDA:89,23,0,0
BRDA:89,23,1,0
BRDA:89,24,0,0
BRDA:89,24,1,0
BRDA:89,24,2,0
BRDA:89,24,3,0
BRDA:92,25,0,0
BRDA:92,25,1,0
BRDA:98,26,0,0
BRDA:98,26,1,0
BRDA:99,27,0,0
BRDA:99,27,1,0
BRDA:102,28,0,0
BRDA:102,28,1,0
BRDA:108,29,0,0
BRDA:108,29,1,0
BRDA:110,30,0,0
BRDA:110,30,1,0
BRDA:110,31,0,0
BRDA:110,31,1,0
BRDA:113,32,0,0
BRDA:113,32,1,0
BRDA:119,33,0,0
BRDA:119,33,1,0
BRDA:121,34,0,0
BRDA:121,34,1,0
BRDA:124,35,0,0
BRDA:124,35,1,0
BRDA:130,36,0,0
BRDA:130,36,1,0
BRDA:132,37,0,0
BRDA:132,37,1,0
BRDA:135,38,0,0
BRDA:135,38,1,0
BRDA:137,39,0,0
BRDA:137,39,1,0
BRDA:141,40,0,0
BRDA:141,40,1,0
BRDA:148,41,0,0
BRDA:148,41,1,0
BRDA:148,42,0,0
BRDA:148,42,1,0
BRDA:150,43,0,0
BRDA:150,43,1,0
BRDA:153,44,0,0
BRDA:153,44,1,0
BRDA:159,45,0,0
BRDA:159,45,1,0
BRDA:159,46,0,0
BRDA:159,46,1,0
BRDA:160,47,0,0
BRDA:160,47,1,0
BRDA:164,48,0,0
BRDA:164,48,1,0
BRDA:170,49,0,0
BRDA:170,49,1,0
BRDA:173,50,0,0
BRDA:173,50,1,0
BRDA:176,51,0,0
BRDA:176,51,1,0
BRDA:186,52,0,0
BRDA:186,52,1,0
BRDA:189,53,0,0
BRDA:189,53,1,0
BRDA:192,54,0,0
BRDA:192,54,1,0
BRDA:201,55,0,0
BRDA:201,55,1,0
BRDA:204,56,0,0
BRDA:204,56,1,0
BRDA:205,57,0,0
BRDA:205,57,1,0
BRDA:209,58,0,0
BRDA:209,58,1,0
BRDA:211,59,0,0
BRDA:211,59,1,0
BRDA:212,60,0,0
BRDA:212,60,1,0
BRDA:216,61,0,0
BRDA:216,61,1,0
BRDA:219,62,0,0
BRDA:219,62,1,0
BRDA:220,63,0,0
BRDA:220,63,1,0
BRDA:249,64,0,0
BRDA:249,64,1,0
BRDA:249,64,2,0
BRDA:266,65,0,0
BRDA:266,65,1,0
BRDA:266,66,0,0
BRDA:266,66,1,0
BRF:140
BRH:0
end_of_record
TN:
SF:class\uploads\UtilisateurUpload.js
FN:6,(anonymous_0)
FNF:1
FNH:0
FNDA:0,(anonymous_0)
DA:1,1
DA:2,1
DA:3,1
DA:7,0
DA:8,0
DA:11,1
LF:6
LH:4
BRF:0
BRH:0
end_of_record
TN:
SF:constants\FILE_CONFIG.js
FNF:0
FNH:0
DA:1,1
DA:3,1
LF:2
LH:2
BRF:0
BRH:0
end_of_record
TN:
SF:constants\IMAGES_DESTINATIONS.js
FNF:0
FNH:0
DA:1,1
DA:3,1
DA:9,1
LF:3
LH:3
BRF:0
BRH:0
end_of_record
TN:
SF:controllers\utilisateurs.controller.js
FN:11,(anonymous_0)
FN:141,(anonymous_1)
FN:151,(anonymous_2)
FN:166,(anonymous_3)
FN:189,(anonymous_4)
FN:218,oo_cm
FNF:6
FNH:6
FNDA:3,(anonymous_0)
FNDA:2,(anonymous_1)
FNDA:2,(anonymous_2)
FNDA:2,(anonymous_3)
FNDA:2,(anonymous_4)
FNDA:5,oo_cm
DA:1,1
DA:2,1
DA:3,1
DA:4,1
DA:5,1
DA:6,1
DA:7,1
DA:8,1
DA:9,1
DA:11,1
DA:12,3
DA:14,3
DA:16,3
DA:21,3
DA:96,3
DA:97,2
DA:98,2
DA:99,1
DA:100,1
DA:111,1
DA:112,1
DA:113,1
DA:122,1
DA:125,1
DA:128,1
DA:129,1
DA:137,1
DA:138,1
DA:141,1
DA:142,2
DA:143,2
DA:145,1
DA:147,1
DA:148,1
DA:151,1
DA:152,2
DA:153,2
DA:154,2
DA:160,1
DA:162,1
DA:163,1
DA:166,1
DA:167,2
DA:168,2
DA:169,2
DA:170,2
DA:177,1
DA:184,1
DA:185,1
DA:189,1
DA:190,2
DA:191,2
DA:192,2
DA:197,1
DA:201,1
DA:202,1
DA:205,1
DA:218,5
LF:58
LH:58
BRDA:98,0,0,1
BRDA:98,0,1,1
BRDA:218,1,0,5
BRDA:218,1,1,1
BRF:4
BRH:4
end_of_record
TN:
SF:models\Utilisateurs.js
FNF:0
FNH:0
DA:1,1
DA:2,1
DA:4,1
DA:57,1
LF:4
LH:4
BRF:0
BRH:0
end_of_record
TN:
SF:utils\db.js
FN:9,(anonymous_0)
FN:25,(anonymous_1)
FNF:2
FNH:0
FNDA:0,(anonymous_0)
FNDA:0,(anonymous_1)
DA:1,1
DA:2,1
DA:5,1
DA:7,1
DA:9,1
DA:10,0
DA:11,0
DA:12,0
DA:20,0
DA:22,0
DA:25,1
DA:26,0
DA:27,0
DA:29,1
LF:14
LH:7
BRDA:11,0,0,0
BRDA:11,0,1,0
BRDA:17,1,0,0
BRDA:17,1,1,0
BRF:4
BRH:0
end_of_record
TN:
SF:utils\sequelize.js
FNF:0
FNH:0
DA:1,1
DA:3,1
DA:5,1
DA:7,1
DA:16,1
LF:5
LH:5
BRDA:12,0,0,0
BRDA:12,0,1,1
BRF:2
BRH:1
end_of_record
